# JRE version: OpenJDK Runtime Environment (16.0.2+7) (build 16.0.2+7-67)
# Java VM: OpenJDK 64-Bit Server VM (16.0.2+7-67, mixed mode, tiered, compressed oops, compressed class ptrs, g1 gc, windows-amd64)
GC Precious Log:
 CPUs: 8 total, 8 available
 Memory: 7049M
 Large Page Support: Disabled
 NUMA Support: Disabled
 Compressed Oops: Enabled (32-bit)
 Heap Region Size: 1M
 Heap Min Capacity: 8M
 Heap Initial Capacity: 112M
 Heap Max Capacity: 1764M
 Pre-touch: Disabled
 Parallel Workers: 8
 Concurrent Workers: 2
 Concurrent Refinement Workers: 8
 Periodic GC: Disabled
Heap:
 garbage-first heap   total 314368K, used 221483K [0x0000000091c00000, 0x0000000100000000)
  region size 1024K, 67 young (68608K), 9 survivors (9216K)
 Metaspace       used 208092K, committed 216832K, reserved 1236992K
  class space    used 25205K, committed 30720K, reserved 1048576K
GC Heap History (20 events):
Event: 2424.348 GC heap before
{Heap before GC invocations=135 (full 4):
 garbage-first heap   total 286720K, used 246323K [0x0000000091c00000, 0x0000000100000000)
  region size 1024K, 100 young (102400K), 7 survivors (7168K)
 Metaspace       used 195681K, committed 203648K, reserved 1228800K
  class space    used 23830K, committed 28800K, reserved 1048576K
}
Event: 2424.358 GC heap after
{Heap after GC invocations=136 (full 4):
 garbage-first heap   total 286720K, used 152115K [0x0000000091c00000, 0x0000000100000000)
  region size 1024K, 8 young (8192K), 8 survivors (8192K)
 Metaspace       used 195681K, committed 203648K, reserved 1228800K
  class space    used 23830K, committed 28800K, reserved 1048576K
}
Event: 2425.338 GC heap before
{Heap before GC invocations=137 (full 4):
 garbage-first heap   total 293888K, used 244275K [0x0000000091c00000, 0x0000000100000000)
  region size 1024K, 98 young (100352K), 8 survivors (8192K)
 Metaspace       used 196894K, committed 204928K, reserved 1228800K
  class space    used 23963K, committed 28992K, reserved 1048576K
}
Event: 2425.345 GC heap after
{Heap after GC invocations=138 (full 4):
 garbage-first heap   total 293888K, used 153072K [0x0000000091c00000, 0x0000000100000000)
  region size 1024K, 8 young (8192K), 8 survivors (8192K)
 Metaspace       used 196894K, committed 204928K, reserved 1228800K
  class space    used 23963K, committed 28992K, reserved 1048576K
}
Event: 2426.259 GC heap before
{Heap before GC invocations=138 (full 4):
 garbage-first heap   total 293888K, used 251376K [0x0000000091c00000, 0x0000000100000000)
  region size 1024K, 104 young (106496K), 8 survivors (8192K)
 Metaspace       used 198204K, committed 206336K, reserved 1228800K
  class space    used 24109K, committed 29184K, reserved 1048576K
}
Event: 2426.269 GC heap after
{Heap after GC invocations=139 (full 4):
 garbage-first heap   total 293888K, used 154339K [0x0000000091c00000, 0x0000000100000000)
  region size 1024K, 8 young (8192K), 8 survivors (8192K)
 Metaspace       used 198204K, committed 206336K, reserved 1228800K
  class space    used 24109K, committed 29184K, reserved 1048576K
}
Event: 2427.160 GC heap before
{Heap before GC invocations=140 (full 4):
 garbage-first heap   total 295936K, used 251619K [0x0000000091c00000, 0x0000000100000000)
  region size 1024K, 103 young (105472K), 8 survivors (8192K)
 Metaspace       used 199504K, committed 207680K, reserved 1228800K
  class space    used 24253K, committed 29376K, reserved 1048576K
}
Event: 2427.168 GC heap after
{Heap after GC invocations=141 (full 4):
 garbage-first heap   total 295936K, used 155421K [0x0000000091c00000, 0x0000000100000000)
  region size 1024K, 8 young (8192K), 8 survivors (8192K)
 Metaspace       used 199504K, committed 207680K, reserved 1228800K
  class space    used 24253K, committed 29376K, reserved 1048576K
}
Event: 2428.054 GC heap before
{Heap before GC invocations=141 (full 4):
 garbage-first heap   total 295936K, used 252701K [0x0000000091c00000, 0x0000000100000000)
  region size 1024K, 104 young (106496K), 8 survivors (8192K)
 Metaspace       used 200793K, committed 209024K, reserved 1228800K
  class space    used 24396K, committed 29568K, reserved 1048576K
}
Event: 2428.064 GC heap after
{Heap after GC invocations=142 (full 4):
 garbage-first heap   total 295936K, used 156610K [0x0000000091c00000, 0x0000000100000000)
  region size 1024K, 8 young (8192K), 8 survivors (8192K)
 Metaspace       used 200793K, committed 209024K, reserved 1228800K
  class space    used 24396K, committed 29568K, reserved 1048576K
}
Event: 2428.966 GC heap before
{Heap before GC invocations=143 (full 4):
 garbage-first heap   total 302080K, used 252866K [0x0000000091c00000, 0x0000000100000000)
  region size 1024K, 102 young (104448K), 8 survivors (8192K)
 Metaspace       used 202070K, committed 210496K, reserved 1236992K
  class space    used 24538K, committed 29824K, reserved 1048576K
}
Event: 2428.974 GC heap after
{Heap after GC invocations=144 (full 4):
 garbage-first heap   total 302080K, used 158037K [0x0000000091c00000, 0x0000000100000000)
  region size 1024K, 9 young (9216K), 9 survivors (9216K)
 Metaspace       used 202070K, committed 210496K, reserved 1236992K
  class space    used 24538K, committed 29824K, reserved 1048576K
}
Event: 2429.879 GC heap before
{Heap before GC invocations=144 (full 4):
 garbage-first heap   total 302080K, used 257365K [0x0000000091c00000, 0x0000000100000000)
  region size 1024K, 106 young (108544K), 9 survivors (9216K)
 Metaspace       used 203369K, committed 211840K, reserved 1236992K
  class space    used 24682K, committed 30016K, reserved 1048576K
}
Event: 2429.890 GC heap after
{Heap after GC invocations=145 (full 4):
 garbage-first heap   total 302080K, used 159571K [0x0000000091c00000, 0x0000000100000000)
  region size 1024K, 9 young (9216K), 9 survivors (9216K)
 Metaspace       used 203369K, committed 211840K, reserved 1236992K
  class space    used 24682K, committed 30016K, reserved 1048576K
}
Event: 2430.825 GC heap before
{Heap before GC invocations=146 (full 4):
 garbage-first heap   total 306176K, used 257875K [0x0000000091c00000, 0x0000000100000000)
  region size 1024K, 105 young (107520K), 9 survivors (9216K)
 Metaspace       used 204692K, committed 213248K, reserved 1236992K
  class space    used 24828K, committed 30208K, reserved 1048576K
}
Event: 2430.833 GC heap after
{Heap after GC invocations=147 (full 4):
 garbage-first heap   total 306176K, used 160355K [0x0000000091c00000, 0x0000000100000000)
  region size 1024K, 9 young (9216K), 9 survivors (9216K)
 Metaspace       used 204692K, committed 213248K, reserved 1236992K
  class space    used 24828K, committed 30208K, reserved 1048576K
}
Event: 2431.742 GC heap before
{Heap before GC invocations=147 (full 4):
 garbage-first heap   total 306176K, used 260707K [0x0000000091c00000, 0x0000000100000000)
  region size 1024K, 107 young (109568K), 9 survivors (9216K)
 Metaspace       used 206014K, committed 214656K, reserved 1236992K
  class space    used 24975K, committed 30400K, reserved 1048576K
}
Event: 2431.754 GC heap after
{Heap after GC invocations=148 (full 4):
 garbage-first heap   total 306176K, used 161685K [0x0000000091c00000, 0x0000000100000000)
  region size 1024K, 9 young (9216K), 9 survivors (9216K)
 Metaspace       used 206014K, committed 214656K, reserved 1236992K
  class space    used 24975K, committed 30400K, reserved 1048576K
}
Event: 2432.675 GC heap before
{Heap before GC invocations=149 (full 4):
 garbage-first heap   total 314368K, used 259989K [0x0000000091c00000, 0x0000000100000000)
  region size 1024K, 105 young (107520K), 9 survivors (9216K)
 Metaspace       used 207313K, committed 216000K, reserved 1236992K
  class space    used 25119K, committed 30592K, reserved 1048576K
}
Event: 2432.683 GC heap after
{Heap after GC invocations=150 (full 4):
 garbage-first heap   total 314368K, used 163115K [0x0000000091c00000, 0x0000000100000000)
  region size 1024K, 9 young (9216K), 9 survivors (9216K)
 Metaspace       used 207313K, committed 216000K, reserved 1236992K
  class space    used 25119K, committed 30592K, reserved 1048576K
}

